<?xml version="1.0" encoding="UTF-8"?>
<testsuite name="com.transferwise.common.gaffer.test.testsuitea.TimeoutsIntTest" tests="1" skipped="0" failures="0" errors="0" timestamp="2023-05-04T13:26:06" hostname="C02FW1AEMD6R" time="0.007">
  <properties/>
  <testcase name="testThatTimeoutsAreCleared()" classname="com.transferwise.common.gaffer.test.testsuitea.TimeoutsIntTest" time="0.007"/>
  <system-out><![CDATA[14:26:06,432 |-INFO in ch.qos.logback.classic.joran.action.ConfigurationAction - Will scan for changes in [file:/Users/nerius.ilmonas/Projects/tw-gaffer-jta/tw-gaffer-jta-sb2/tw-gaffer-jta/build/resources/test/logback-test.xml] 
14:26:06,432 |-INFO in ch.qos.logback.classic.joran.action.ConfigurationAction - Setting ReconfigureOnChangeTask scanning period to 10 seconds
14:26:06,433 |-INFO in ch.qos.logback.core.joran.action.StatusListenerAction - Added status listener of type [ch.qos.logback.core.status.OnConsoleStatusListener]
14:26:06,433 |-INFO in ch.qos.logback.classic.joran.action.LoggerContextListenerAction - Adding LoggerContextListener of type [ch.qos.logback.classic.jul.LevelChangePropagator] to the object stack
14:26:06,433 |-INFO in ch.qos.logback.classic.jul.LevelChangePropagator@6d38a81d - Setting level of jul logger [org.hibernate] to null
14:26:06,433 |-INFO in ch.qos.logback.classic.jul.LevelChangePropagator@6d38a81d - Setting level of jul logger [bitronix.tm] to null
14:26:06,433 |-INFO in ch.qos.logback.classic.jul.LevelChangePropagator@6d38a81d - Setting level of jul logger [org.springframework] to null
14:26:06,433 |-INFO in ch.qos.logback.classic.jul.LevelChangePropagator@6d38a81d - Setting level of jul logger [org.apache.activemq] to null
14:26:06,433 |-INFO in ch.qos.logback.classic.jul.LevelChangePropagator@6d38a81d - Setting level of jul logger [ee.homies.gaffer] to null
14:26:06,436 |-INFO in ch.qos.logback.classic.jul.LevelChangePropagator@6d38a81d - Propagating DEBUG level on Logger[ROOT] onto the JUL framework
14:26:06,436 |-INFO in ch.qos.logback.classic.joran.action.LoggerContextListenerAction - Starting LoggerContextListener
14:26:06,436 |-INFO in ch.qos.logback.core.joran.action.AppenderAction - About to instantiate appender of type [ch.qos.logback.core.ConsoleAppender]
14:26:06,436 |-INFO in ch.qos.logback.core.joran.action.AppenderAction - Naming appender as [STDOUT]
14:26:06,436 |-INFO in ch.qos.logback.core.joran.action.NestedComplexPropertyIA - Assuming default type [ch.qos.logback.classic.encoder.PatternLayoutEncoder] for [encoder] property
14:26:06,437 |-INFO in ch.qos.logback.classic.joran.action.LoggerAction - Setting level of logger [org.springframework] to WARN
14:26:06,437 |-INFO in ch.qos.logback.classic.jul.LevelChangePropagator@41f61188 - Propagating WARN level on Logger[org.springframework] onto the JUL framework
14:26:06,437 |-INFO in ch.qos.logback.classic.jul.LevelChangePropagator@6d38a81d - Propagating WARN level on Logger[org.springframework] onto the JUL framework
14:26:06,437 |-INFO in ch.qos.logback.classic.joran.action.LoggerAction - Setting level of logger [bitronix.tm] to WARN
14:26:06,437 |-INFO in ch.qos.logback.classic.jul.LevelChangePropagator@41f61188 - Propagating WARN level on Logger[bitronix.tm] onto the JUL framework
14:26:06,437 |-INFO in ch.qos.logback.classic.jul.LevelChangePropagator@6d38a81d - Propagating WARN level on Logger[bitronix.tm] onto the JUL framework
14:26:06,438 |-INFO in ch.qos.logback.classic.joran.action.LoggerAction - Setting level of logger [org.hibernate] to WARN
14:26:06,438 |-INFO in ch.qos.logback.classic.jul.LevelChangePropagator@41f61188 - Propagating WARN level on Logger[org.hibernate] onto the JUL framework
14:26:06,438 |-INFO in ch.qos.logback.classic.jul.LevelChangePropagator@6d38a81d - Propagating WARN level on Logger[org.hibernate] onto the JUL framework
14:26:06,438 |-INFO in ch.qos.logback.classic.joran.action.LoggerAction - Setting level of logger [org.apache.activemq] to WARN
14:26:06,438 |-INFO in ch.qos.logback.classic.jul.LevelChangePropagator@41f61188 - Propagating WARN level on Logger[org.apache.activemq] onto the JUL framework
14:26:06,438 |-INFO in ch.qos.logback.classic.jul.LevelChangePropagator@6d38a81d - Propagating WARN level on Logger[org.apache.activemq] onto the JUL framework
14:26:06,438 |-INFO in ch.qos.logback.classic.joran.action.LoggerAction - Setting level of logger [ee.homies.gaffer] to DEBUG
14:26:06,438 |-INFO in ch.qos.logback.classic.jul.LevelChangePropagator@41f61188 - Propagating DEBUG level on Logger[ee.homies.gaffer] onto the JUL framework
14:26:06,438 |-INFO in ch.qos.logback.classic.jul.LevelChangePropagator@6d38a81d - Propagating DEBUG level on Logger[ee.homies.gaffer] onto the JUL framework
14:26:06,438 |-INFO in ch.qos.logback.classic.joran.action.RootLoggerAction - Setting level of ROOT logger to INFO
14:26:06,438 |-INFO in ch.qos.logback.classic.jul.LevelChangePropagator@41f61188 - Propagating INFO level on Logger[ROOT] onto the JUL framework
14:26:06,438 |-INFO in ch.qos.logback.classic.jul.LevelChangePropagator@6d38a81d - Propagating INFO level on Logger[ROOT] onto the JUL framework
14:26:06,439 |-INFO in ch.qos.logback.core.joran.action.AppenderRefAction - Attaching appender named [STDOUT] to Logger[ROOT]
14:26:06,439 |-INFO in ch.qos.logback.classic.joran.action.ConfigurationAction - End of configuration.
14:26:06,439 |-INFO in org.springframework.boot.logging.logback.SpringBootJoranConfigurator@d7c4fcb - Registering current configuration as safe fallback point

  .   ____          _            __ _ _
 /\\ / ___'_ __ _ _(_)_ __  __ _ \ \ \ \
( ( )\___ | '_ | '_| | '_ \/ _` | \ \ \ \
 \\/  ___)| |_)| | | | | || (_| |  ) ) ) )
  '  |____| .__|_| |_|_| |_\__, | / / / /
 =========|_|==============|___/=/_/_/_/
 :: Spring Boot ::               (v2.6.14)

14:26:06.457 [Test worker] INFO  c.t.c.g.t.testsuitea.TimeoutsIntTest - Starting TimeoutsIntTest using Java 17.0.2 on C02FW1AEMD6R with PID 18655 (started by nerius.ilmonas in /Users/nerius.ilmonas/Projects/tw-gaffer-jta/tw-gaffer-jta-sb2/tw-gaffer-jta)
14:26:06.458 [Test worker] INFO  c.t.c.g.t.testsuitea.TimeoutsIntTest - The following 1 profile is active: "integration"
14:26:06.787 [Test worker] INFO  com.zaxxer.hikari.HikariDataSource - users - Starting...
14:26:06.802 [Test worker] INFO  com.zaxxer.hikari.pool.PoolBase - users - Driver does not support get/set network timeout for connections. (feature not supported)
14:26:06.804 [Test worker] INFO  com.zaxxer.hikari.HikariDataSource - users - Start completed.
14:26:06.968 [Test worker] INFO  c.t.c.g.t.testsuitea.TimeoutsIntTest - Started TimeoutsIntTest in 0.715 seconds (JVM running for 8.966)
14:26:06.974 [Test worker] INFO  c.t.common.gaffer.test.BaseExtension - Starting test 'void com.transferwise.common.gaffer.test.testsuitea.TimeoutsIntTest.testThatTimeoutsAreCleared(): testThatTimeoutsAreCleared()'.
14:26:06.978 [Test worker] INFO  c.t.common.gaffer.test.BaseExtension - Test 'void com.transferwise.common.gaffer.test.testsuitea.TimeoutsIntTest.testThatTimeoutsAreCleared(): testThatTimeoutsAreCleared()' ended in 4 ms.
]]></system-out>
  <system-err><![CDATA[]]></system-err>
</testsuite>
