<?xml version="1.0" encoding="UTF-8"?>
<testsuite name="com.transferwise.common.gaffer.test.suspended.SuspendedIntTest" tests="3" skipped="0" failures="0" errors="0" timestamp="2023-05-04T13:26:06" hostname="C02FW1AEMD6R" time="0.156">
  <properties/>
  <testcase name="testSuccess2()" classname="com.transferwise.common.gaffer.test.suspended.SuspendedIntTest" time="0.146"/>
  <testcase name="testError()" classname="com.transferwise.common.gaffer.test.suspended.SuspendedIntTest" time="0.005"/>
  <testcase name="testSuccess()" classname="com.transferwise.common.gaffer.test.suspended.SuspendedIntTest" time="0.003"/>
  <system-out><![CDATA[14:26:05.969 [Test worker] INFO  c.t.common.gaffer.util.MBeanUtil - Reregistering MBean for 'com.transferwise.common.gaffer:type=JdbcDataSource,name=clients'.
14:26:05.970 [Test worker] INFO  c.t.common.gaffer.util.MBeanUtil - Registering MBean for 'com.transferwise.common.gaffer:type=JdbcDataSource,name=logs'.
14:26:06.141 [Test worker] INFO  c.t.c.g.t.suspended.app.ClientsDao - Creating client 'Aadus' transactionally.
14:26:06.148 [Test worker] INFO  c.t.c.g.t.suspended.SuspendedIntTest - Client service invocation finished.
14:26:06.156 [Test worker] INFO  c.t.c.g.t.suspended.app.ClientsDao - Creating client 'Invalid name' transactionally.
14:26:06.161 [Test worker] INFO  c.t.c.g.t.suspended.app.ClientsDao - Creating client 'Aadu' transactionally.
]]></system-out>
  <system-err><![CDATA[]]></system-err>
</testsuite>
