<?xml version="1.0" encoding="UTF-8"?>
<testsuite name="com.transferwise.common.gaffer.starter.AutoConfigurationIntTest" tests="2" skipped="0" failures="0" errors="0" timestamp="2023-05-04T13:26:15" hostname="C02FW1AEMD6R" time="0.128">
  <properties/>
  <testcase name="testIfIsolationLevelWorks()" classname="com.transferwise.common.gaffer.starter.AutoConfigurationIntTest" time="0.123"/>
  <testcase name="testIfDataSourceIsCorrectlyWrapped()" classname="com.transferwise.common.gaffer.starter.AutoConfigurationIntTest" time="0.004"/>
  <system-out><![CDATA[14:26:13.697 [Test worker] DEBUG org.springframework.test.context.BootstrapUtils - Instantiating CacheAwareContextLoaderDelegate from class [org.springframework.test.context.cache.DefaultCacheAwareContextLoaderDelegate]
14:26:13.707 [Test worker] DEBUG org.springframework.test.context.BootstrapUtils - Instantiating BootstrapContext using constructor [public org.springframework.test.context.support.DefaultBootstrapContext(java.lang.Class,org.springframework.test.context.CacheAwareContextLoaderDelegate)]
14:26:13.737 [Test worker] DEBUG org.springframework.test.context.BootstrapUtils - Instantiating TestContextBootstrapper for test class [com.transferwise.common.gaffer.starter.AutoConfigurationIntTest] from class [org.springframework.boot.test.context.SpringBootTestContextBootstrapper]
14:26:13.750 [Test worker] INFO org.springframework.boot.test.context.SpringBootTestContextBootstrapper - Neither @ContextConfiguration nor @ContextHierarchy found for test class [com.transferwise.common.gaffer.starter.AutoConfigurationIntTest], using SpringBootContextLoader
14:26:13.753 [Test worker] DEBUG org.springframework.test.context.support.AbstractContextLoader - Did not detect default resource location for test class [com.transferwise.common.gaffer.starter.AutoConfigurationIntTest]: class path resource [com/transferwise/common/gaffer/starter/AutoConfigurationIntTest-context.xml] does not exist
14:26:13.754 [Test worker] DEBUG org.springframework.test.context.support.AbstractContextLoader - Did not detect default resource location for test class [com.transferwise.common.gaffer.starter.AutoConfigurationIntTest]: class path resource [com/transferwise/common/gaffer/starter/AutoConfigurationIntTestContext.groovy] does not exist
14:26:13.754 [Test worker] INFO org.springframework.test.context.support.AbstractContextLoader - Could not detect default resource locations for test class [com.transferwise.common.gaffer.starter.AutoConfigurationIntTest]: no resource found for suffixes {-context.xml, Context.groovy}.
14:26:13.805 [Test worker] DEBUG org.springframework.test.context.support.ActiveProfilesUtils - Could not find an 'annotation declaring class' for annotation type [org.springframework.test.context.ActiveProfiles] and class [com.transferwise.common.gaffer.starter.AutoConfigurationIntTest]
14:26:13.898 [Test worker] DEBUG org.springframework.boot.test.context.SpringBootTestContextBootstrapper - @TestExecutionListeners is not present for class [com.transferwise.common.gaffer.starter.AutoConfigurationIntTest]: using defaults.
14:26:13.898 [Test worker] INFO org.springframework.boot.test.context.SpringBootTestContextBootstrapper - Loaded default TestExecutionListener class names from location [META-INF/spring.factories]: [org.springframework.boot.test.autoconfigure.restdocs.RestDocsTestExecutionListener, org.springframework.boot.test.autoconfigure.web.client.MockRestServiceServerResetTestExecutionListener, org.springframework.boot.test.autoconfigure.web.servlet.MockMvcPrintOnlyOnFailureTestExecutionListener, org.springframework.boot.test.autoconfigure.web.servlet.WebDriverTestExecutionListener, org.springframework.boot.test.autoconfigure.webservices.client.MockWebServiceServerTestExecutionListener, org.springframework.boot.test.mock.mockito.MockitoTestExecutionListener, org.springframework.boot.test.mock.mockito.ResetMocksTestExecutionListener, org.springframework.test.context.web.ServletTestExecutionListener, org.springframework.test.context.support.DirtiesContextBeforeModesTestExecutionListener, org.springframework.test.context.event.ApplicationEventsTestExecutionListener, org.springframework.test.context.support.DependencyInjectionTestExecutionListener, org.springframework.test.context.support.DirtiesContextTestExecutionListener, org.springframework.test.context.transaction.TransactionalTestExecutionListener, org.springframework.test.context.jdbc.SqlScriptsTestExecutionListener, org.springframework.test.context.event.EventPublishingTestExecutionListener]
14:26:13.907 [Test worker] DEBUG org.springframework.boot.test.context.SpringBootTestContextBootstrapper - Skipping candidate TestExecutionListener [org.springframework.test.context.web.ServletTestExecutionListener] due to a missing dependency. Specify custom listener classes or make the default listener classes and their required dependencies available. Offending class: [javax/servlet/ServletContext]
14:26:13.912 [Test worker] INFO org.springframework.boot.test.context.SpringBootTestContextBootstrapper - Using TestExecutionListeners: [org.springframework.test.context.support.DirtiesContextBeforeModesTestExecutionListener@68b6f0d6, org.springframework.test.context.event.ApplicationEventsTestExecutionListener@4044fb95, org.springframework.boot.test.mock.mockito.MockitoTestExecutionListener@aa549e5, org.springframework.boot.test.autoconfigure.SpringBootDependencyInjectionTestExecutionListener@36f48b4, org.springframework.test.context.support.DirtiesContextTestExecutionListener@5c00384f, org.springframework.test.context.transaction.TransactionalTestExecutionListener@3b7ff809, org.springframework.test.context.jdbc.SqlScriptsTestExecutionListener@1bb564e2, org.springframework.test.context.event.EventPublishingTestExecutionListener@62e6b5c8, org.springframework.boot.test.autoconfigure.restdocs.RestDocsTestExecutionListener@3f792b9b, org.springframework.boot.test.autoconfigure.web.client.MockRestServiceServerResetTestExecutionListener@7b8233cd, org.springframework.boot.test.autoconfigure.web.servlet.MockMvcPrintOnlyOnFailureTestExecutionListener@4b20ca2b, org.springframework.boot.test.autoconfigure.web.servlet.WebDriverTestExecutionListener@1cbf6e72, org.springframework.boot.test.autoconfigure.webservices.client.MockWebServiceServerTestExecutionListener@6aecbb8d, org.springframework.boot.test.mock.mockito.ResetMocksTestExecutionListener@1af146]
14:26:13.915 [Test worker] DEBUG org.springframework.test.context.support.AbstractDirtiesContextTestExecutionListener - Before test class: context [DefaultTestContext@57fd91c9 testClass = AutoConfigurationIntTest, testInstance = [null], testMethod = [null], testException = [null], mergedContextConfiguration = [MergedContextConfiguration@6cfcd46d testClass = AutoConfigurationIntTest, locations = '{}', classes = '{class com.transferwise.common.gaffer.starter.test.TestApplication}', contextInitializerClasses = '[]', activeProfiles = '{}', propertySourceLocations = '{}', propertySourceProperties = '{org.springframework.boot.test.context.SpringBootTestContextBootstrapper=true}', contextCustomizers = set[org.springframework.boot.test.autoconfigure.actuate.metrics.MetricsExportContextCustomizerFactory$DisableMetricExportContextCustomizer@479460a6, org.springframework.boot.test.autoconfigure.properties.PropertyMappingContextCustomizer@0, org.springframework.boot.test.autoconfigure.web.servlet.WebDriverContextCustomizerFactory$Customizer@d41f816, org.springframework.boot.test.context.filter.ExcludeFilterContextCustomizer@3d9c13b5, org.springframework.boot.test.json.DuplicateJsonObjectContextCustomizerFactory$DuplicateJsonObjectContextCustomizer@558bdf1f, org.springframework.boot.test.mock.mockito.MockitoContextCustomizer@0, org.springframework.boot.test.web.client.TestRestTemplateContextCustomizer@14fc1f0, org.springframework.boot.test.context.SpringBootTestArgs@1, org.springframework.boot.test.context.SpringBootTestWebEnvironment@7530ad9c], contextLoader = 'org.springframework.boot.test.context.SpringBootContextLoader', parent = [null]], attributes = map[[empty]]], class annotated with @DirtiesContext [false] with mode [null].
14:26:13.926 [Test worker] DEBUG org.springframework.test.context.support.DependencyInjectionTestExecutionListener - Performing dependency injection for test context [[DefaultTestContext@57fd91c9 testClass = AutoConfigurationIntTest, testInstance = com.transferwise.common.gaffer.starter.AutoConfigurationIntTest@40c80397, testMethod = [null], testException = [null], mergedContextConfiguration = [MergedContextConfiguration@6cfcd46d testClass = AutoConfigurationIntTest, locations = '{}', classes = '{class com.transferwise.common.gaffer.starter.test.TestApplication}', contextInitializerClasses = '[]', activeProfiles = '{}', propertySourceLocations = '{}', propertySourceProperties = '{org.springframework.boot.test.context.SpringBootTestContextBootstrapper=true}', contextCustomizers = set[org.springframework.boot.test.autoconfigure.actuate.metrics.MetricsExportContextCustomizerFactory$DisableMetricExportContextCustomizer@479460a6, org.springframework.boot.test.autoconfigure.properties.PropertyMappingContextCustomizer@0, org.springframework.boot.test.autoconfigure.web.servlet.WebDriverContextCustomizerFactory$Customizer@d41f816, org.springframework.boot.test.context.filter.ExcludeFilterContextCustomizer@3d9c13b5, org.springframework.boot.test.json.DuplicateJsonObjectContextCustomizerFactory$DuplicateJsonObjectContextCustomizer@558bdf1f, org.springframework.boot.test.mock.mockito.MockitoContextCustomizer@0, org.springframework.boot.test.web.client.TestRestTemplateContextCustomizer@14fc1f0, org.springframework.boot.test.context.SpringBootTestArgs@1, org.springframework.boot.test.context.SpringBootTestWebEnvironment@7530ad9c], contextLoader = 'org.springframework.boot.test.context.SpringBootContextLoader', parent = [null]], attributes = map['org.springframework.test.context.event.ApplicationEventsTestExecutionListener.recordApplicationEvents' -> false]]].

  .   ____          _            __ _ _
 /\\ / ___'_ __ _ _(_)_ __  __ _ \ \ \ \
( ( )\___ | '_ | '_| | '_ \/ _` | \ \ \ \
 \\/  ___)| |_)| | | | | || (_| |  ) ) ) )
  '  |____| .__|_| |_|_| |_\__, | / / / /
 =========|_|==============|___/=/_/_/_/
 :: Spring Boot ::               (v2.6.14)

2023-05-04 14:26:14.278  INFO 18663 --- [    Test worker] c.t.c.g.s.AutoConfigurationIntTest       : Starting AutoConfigurationIntTest using Java 17.0.2 on C02FW1AEMD6R with PID 18663 (started by nerius.ilmonas in /Users/nerius.ilmonas/Projects/tw-gaffer-jta/tw-gaffer-jta-sb2/tw-gaffer-jta-starter)
2023-05-04 14:26:14.279  INFO 18663 --- [    Test worker] c.t.c.g.s.AutoConfigurationIntTest       : No active profile set, falling back to 1 default profile: "default"
2023-05-04 14:26:14.752  INFO 18663 --- [    Test worker] trationDelegate$BeanPostProcessorChecker : Bean 'com.transferwise.common.gaffer.starter.GafferJtaConfiguration' of type [com.transferwise.common.gaffer.starter.GafferJtaConfiguration$$EnhancerBySpringCGLIB$$84bc08e2] is not eligible for getting processed by all BeanPostProcessors (for example: not eligible for auto-proxying)
2023-05-04 14:26:14.894  INFO 18663 --- [    Test worker] c.t.common.gaffer.util.MBeanUtil         : Registering MBean for 'com.transferwise.common.gaffer:type=TransactionManagerStatistics'.
2023-05-04 14:26:15.699  INFO 18663 --- [    Test worker] c.t.c.g.s.AutoConfigurationIntTest       : Started AutoConfigurationIntTest in 1.752 seconds (JVM running for 2.792)
2023-05-04 14:26:15.732  INFO 18663 --- [    Test worker] com.zaxxer.hikari.HikariDataSource       : mydb - Starting...
2023-05-04 14:26:15.807  INFO 18663 --- [    Test worker] com.zaxxer.hikari.HikariDataSource       : mydb - Start completed.
]]></system-out>
  <system-err><![CDATA[]]></system-err>
</testsuite>
