<?xml version="1.0" encoding="UTF-8"?>
<testsuite name="com.transferwise.common.gaffer.test.testsuitea.TimeoutsIntTest" tests="1" skipped="0" failures="0" errors="0" timestamp="2023-05-04T13:22:31" hostname="C02FW1AEMD6R" time="0.006">
  <properties/>
  <testcase name="testThatTimeoutsAreCleared()" classname="com.transferwise.common.gaffer.test.testsuitea.TimeoutsIntTest" time="0.006"/>
  <system-out><![CDATA[14:22:31,336 |-INFO in ch.qos.logback.classic.model.processor.ConfigurationModelHandler - Registering a new ReconfigureOnChangeTask ReconfigureOnChangeTask(born:1683206551336)
14:22:31,336 |-INFO in ch.qos.logback.classic.model.processor.ConfigurationModelHandler - Will scan for changes in [file:/Users/nerius.ilmonas/Projects/tw-gaffer-jta/tw-gaffer-jta/build/resources/test/logback-test.xml] 
14:22:31,336 |-INFO in ch.qos.logback.classic.model.processor.ConfigurationModelHandler - Setting ReconfigureOnChangeTask scanning period to 10 seconds
14:22:31,336 |-INFO in ch.qos.logback.core.model.processor.StatusListenerModelHandler - Added status listener of type [ch.qos.logback.core.status.OnConsoleStatusListener]
14:22:31,336 |-INFO in ch.qos.logback.classic.model.processor.LoggerContextListenerModelHandler - Adding LoggerContextListener of type [ch.qos.logback.classic.jul.LevelChangePropagator] to the object stack
14:22:31,337 |-INFO in ch.qos.logback.classic.jul.LevelChangePropagator@d60aa4 - Setting level of jul logger [org.hibernate] to null
14:22:31,337 |-INFO in ch.qos.logback.classic.jul.LevelChangePropagator@d60aa4 - Setting level of jul logger [bitronix.tm] to null
14:22:31,337 |-INFO in ch.qos.logback.classic.jul.LevelChangePropagator@d60aa4 - Setting level of jul logger [org.springframework] to null
14:22:31,337 |-INFO in ch.qos.logback.classic.jul.LevelChangePropagator@d60aa4 - Setting level of jul logger [org.apache.activemq] to null
14:22:31,337 |-INFO in ch.qos.logback.classic.jul.LevelChangePropagator@d60aa4 - Setting level of jul logger [ee.homies.gaffer] to null
14:22:31,338 |-INFO in ch.qos.logback.classic.jul.LevelChangePropagator@d60aa4 - Propagating DEBUG level on Logger[ROOT] onto the JUL framework
14:22:31,338 |-INFO in ch.qos.logback.classic.model.processor.LoggerContextListenerModelHandler - Starting LoggerContextListener
14:22:31,339 |-INFO in ch.qos.logback.core.model.processor.AppenderModelHandler - Processing appender named [STDOUT]
14:22:31,339 |-INFO in ch.qos.logback.core.model.processor.AppenderModelHandler - About to instantiate appender of type [ch.qos.logback.core.ConsoleAppender]
14:22:31,339 |-INFO in ch.qos.logback.core.model.processor.ImplicitModelHandler - Assuming default type [ch.qos.logback.classic.encoder.PatternLayoutEncoder] for [encoder] property
14:22:31,340 |-INFO in ch.qos.logback.classic.model.processor.LoggerModelHandler - Setting level of logger [org.springframework] to WARN
14:22:31,340 |-INFO in ch.qos.logback.classic.jul.LevelChangePropagator@30942f54 - Propagating WARN level on Logger[org.springframework] onto the JUL framework
14:22:31,340 |-INFO in ch.qos.logback.classic.jul.LevelChangePropagator@d60aa4 - Propagating WARN level on Logger[org.springframework] onto the JUL framework
14:22:31,340 |-INFO in ch.qos.logback.classic.model.processor.LoggerModelHandler - Setting level of logger [bitronix.tm] to WARN
14:22:31,341 |-INFO in ch.qos.logback.classic.jul.LevelChangePropagator@30942f54 - Propagating WARN level on Logger[bitronix.tm] onto the JUL framework
14:22:31,341 |-INFO in ch.qos.logback.classic.jul.LevelChangePropagator@d60aa4 - Propagating WARN level on Logger[bitronix.tm] onto the JUL framework
14:22:31,341 |-INFO in ch.qos.logback.classic.model.processor.LoggerModelHandler - Setting level of logger [org.hibernate] to WARN
14:22:31,341 |-INFO in ch.qos.logback.classic.jul.LevelChangePropagator@30942f54 - Propagating WARN level on Logger[org.hibernate] onto the JUL framework
14:22:31,341 |-INFO in ch.qos.logback.classic.jul.LevelChangePropagator@d60aa4 - Propagating WARN level on Logger[org.hibernate] onto the JUL framework
14:22:31,341 |-INFO in ch.qos.logback.classic.model.processor.LoggerModelHandler - Setting level of logger [org.apache.activemq] to WARN
14:22:31,341 |-INFO in ch.qos.logback.classic.jul.LevelChangePropagator@30942f54 - Propagating WARN level on Logger[org.apache.activemq] onto the JUL framework
14:22:31,341 |-INFO in ch.qos.logback.classic.jul.LevelChangePropagator@d60aa4 - Propagating WARN level on Logger[org.apache.activemq] onto the JUL framework
14:22:31,341 |-INFO in ch.qos.logback.classic.model.processor.LoggerModelHandler - Setting level of logger [ee.homies.gaffer] to DEBUG
14:22:31,341 |-INFO in ch.qos.logback.classic.jul.LevelChangePropagator@30942f54 - Propagating DEBUG level on Logger[ee.homies.gaffer] onto the JUL framework
14:22:31,341 |-INFO in ch.qos.logback.classic.jul.LevelChangePropagator@d60aa4 - Propagating DEBUG level on Logger[ee.homies.gaffer] onto the JUL framework
14:22:31,342 |-INFO in ch.qos.logback.classic.model.processor.RootLoggerModelHandler - Setting level of ROOT logger to INFO
14:22:31,342 |-INFO in ch.qos.logback.classic.jul.LevelChangePropagator@30942f54 - Propagating INFO level on Logger[ROOT] onto the JUL framework
14:22:31,342 |-INFO in ch.qos.logback.classic.jul.LevelChangePropagator@d60aa4 - Propagating INFO level on Logger[ROOT] onto the JUL framework
14:22:31,342 |-INFO in ch.qos.logback.core.model.processor.AppenderRefModelHandler - Attaching appender named [STDOUT] to Logger[ROOT]
14:22:31,342 |-INFO in ch.qos.logback.core.model.processor.DefaultProcessor@11d557a5 - End of configuration.
14:22:31,342 |-INFO in org.springframework.boot.logging.logback.SpringBootJoranConfigurator@55b5ce0f - Registering current configuration as safe fallback point

  .   ____          _            __ _ _
 /\\ / ___'_ __ _ _(_)_ __  __ _ \ \ \ \
( ( )\___ | '_ | '_| | '_ \/ _` | \ \ \ \
 \\/  ___)| |_)| | | | | || (_| |  ) ) ) )
  '  |____| .__|_| |_|_| |_\__, | / / / /
 =========|_|==============|___/=/_/_/_/
 :: Spring Boot ::                (v3.0.5)

14:22:31.367 [Test worker] INFO  c.t.c.g.t.testsuitea.TimeoutsIntTest - Starting TimeoutsIntTest using Java 17.0.2 with PID 18528 (started by nerius.ilmonas in /Users/nerius.ilmonas/Projects/tw-gaffer-jta/tw-gaffer-jta)
14:22:31.368 [Test worker] INFO  c.t.c.g.t.testsuitea.TimeoutsIntTest - The following 1 profile is active: "integration"
14:22:31.719 [Test worker] INFO  com.zaxxer.hikari.HikariDataSource - users - Starting...
14:22:31.735 [Test worker] INFO  com.zaxxer.hikari.pool.PoolBase - users - Driver does not support get/set network timeout for connections. (feature not supported)
14:22:31.736 [Test worker] INFO  com.zaxxer.hikari.pool.HikariPool - users - Added connection org.hsqldb.jdbc.JDBCConnection@78907a46
14:22:31.738 [Test worker] INFO  com.zaxxer.hikari.HikariDataSource - users - Start completed.
14:22:31.780 [Test worker] INFO  SQL dialect - HHH000400: Using dialect: org.hibernate.dialect.HSQLDialect
14:22:31.873 [Test worker] INFO  c.t.c.g.t.testsuitea.TimeoutsIntTest - Started TimeoutsIntTest in 0.656 seconds (process running for 9.544)
14:22:31.880 [Test worker] INFO  c.t.common.gaffer.test.BaseExtension - Starting test 'void com.transferwise.common.gaffer.test.testsuitea.TimeoutsIntTest.testThatTimeoutsAreCleared(): testThatTimeoutsAreCleared()'.
14:22:31.882 [Test worker] INFO  c.t.common.gaffer.test.BaseExtension - Test 'void com.transferwise.common.gaffer.test.testsuitea.TimeoutsIntTest.testThatTimeoutsAreCleared(): testThatTimeoutsAreCleared()' ended in 2 ms.
]]></system-out>
  <system-err><![CDATA[]]></system-err>
</testsuite>
