<?xml version="1.0" encoding="UTF-8"?>
<testsuite name="com.transferwise.common.gaffer.starter.AutoConfigurationIntTest" tests="2" skipped="0" failures="0" errors="0" timestamp="2023-05-04T13:25:52" hostname="C02FW1AEMD6R" time="0.122">
  <properties/>
  <testcase name="testIfIsolationLevelWorks()" classname="com.transferwise.common.gaffer.starter.AutoConfigurationIntTest" time="0.118"/>
  <testcase name="testIfDataSourceIsCorrectlyWrapped()" classname="com.transferwise.common.gaffer.starter.AutoConfigurationIntTest" time="0.003"/>
  <system-out><![CDATA[14:25:51.122 [Test worker] DEBUG org.springframework.boot.test.context.SpringBootTestContextBootstrapper -- Neither @ContextConfiguration nor @ContextHierarchy found for test class [AutoConfigurationIntTest]: using SpringBootContextLoader
14:25:51.128 [Test worker] DEBUG org.springframework.test.context.support.AbstractContextLoader -- Could not detect default resource locations for test class [com.transferwise.common.gaffer.starter.AutoConfigurationIntTest]: no resource found for suffixes {-context.xml, Context.groovy}.
14:25:51.152 [Test worker] DEBUG org.springframework.boot.test.context.SpringBootTestContextBootstrapper -- Using ContextCustomizers for test class [AutoConfigurationIntTest]: [DisableObservabilityContextCustomizer, PropertyMappingContextCustomizer, Customizer, ExcludeFilterContextCustomizer, DuplicateJsonObjectContextCustomizer, MockitoContextCustomizer, TestRestTemplateContextCustomizer]
14:25:51.257 [Test worker] DEBUG org.springframework.test.context.util.TestContextSpringFactoriesUtils -- Skipping candidate TestExecutionListener [org.springframework.test.context.web.ServletTestExecutionListener] due to a missing dependency. Specify custom TestExecutionListener classes or make the default TestExecutionListener classes and their required dependencies available. Offending class: [jakarta/servlet/ServletContext]
14:25:51.266 [Test worker] DEBUG org.springframework.boot.test.context.SpringBootTestContextBootstrapper -- Using TestExecutionListeners for test class [AutoConfigurationIntTest]: [DirtiesContextBeforeModesTestExecutionListener, ApplicationEventsTestExecutionListener, MockitoTestExecutionListener, DependencyInjectionTestExecutionListener, DirtiesContextTestExecutionListener, TransactionalTestExecutionListener, SqlScriptsTestExecutionListener, EventPublishingTestExecutionListener, RestDocsTestExecutionListener, MockRestServiceServerResetTestExecutionListener, MockMvcPrintOnlyOnFailureTestExecutionListener, WebDriverTestExecutionListener, MockWebServiceServerTestExecutionListener, ResetMocksTestExecutionListener]
14:25:51.267 [Test worker] DEBUG org.springframework.test.context.support.AbstractDirtiesContextTestExecutionListener -- Before test class: class [AutoConfigurationIntTest], class annotated with @DirtiesContext [false] with mode [null]
14:25:51.278 [Test worker] DEBUG org.springframework.test.context.support.DependencyInjectionTestExecutionListener -- Performing dependency injection for test class com.transferwise.common.gaffer.starter.AutoConfigurationIntTest

  .   ____          _            __ _ _
 /\\ / ___'_ __ _ _(_)_ __  __ _ \ \ \ \
( ( )\___ | '_ | '_| | '_ \/ _` | \ \ \ \
 \\/  ___)| |_)| | | | | || (_| |  ) ) ) )
  '  |____| .__|_| |_|_| |_\__, | / / / /
 =========|_|==============|___/=/_/_/_/
 :: Spring Boot ::                (v3.0.5)

2023-05-04T14:25:51.585+01:00  INFO 18637 --- [    Test worker] c.t.c.g.s.AutoConfigurationIntTest       : Starting AutoConfigurationIntTest using Java 17.0.2 with PID 18637 (started by nerius.ilmonas in /Users/nerius.ilmonas/Projects/tw-gaffer-jta/tw-gaffer-jta-starter)
2023-05-04T14:25:51.586+01:00  INFO 18637 --- [    Test worker] c.t.c.g.s.AutoConfigurationIntTest       : No active profile set, falling back to 1 default profile: "default"
2023-05-04T14:25:52.038+01:00  INFO 18637 --- [    Test worker] trationDelegate$BeanPostProcessorChecker : Bean 'com.transferwise.common.gaffer.starter.GafferJtaConfiguration' of type [com.transferwise.common.gaffer.starter.GafferJtaConfiguration$$SpringCGLIB$$0] is not eligible for getting processed by all BeanPostProcessors (for example: not eligible for auto-proxying)
2023-05-04T14:25:52.133+01:00  INFO 18637 --- [    Test worker] c.t.common.gaffer.util.MBeanUtil         : Registering MBean for 'com.transferwise.common.gaffer:type=TransactionManagerStatistics'.
2023-05-04T14:25:52.789+01:00  INFO 18637 --- [    Test worker] c.t.c.g.s.AutoConfigurationIntTest       : Started AutoConfigurationIntTest in 1.485 seconds (process running for 2.487)
2023-05-04T14:25:52.817+01:00  INFO 18637 --- [    Test worker] com.zaxxer.hikari.HikariDataSource       : mydb - Starting...
2023-05-04T14:25:52.893+01:00  INFO 18637 --- [    Test worker] com.zaxxer.hikari.pool.HikariPool        : mydb - Added connection com.transferwise.common.gaffer.starter.test.TestApplication$MockConnection@39f42d0e
2023-05-04T14:25:52.895+01:00  INFO 18637 --- [    Test worker] com.zaxxer.hikari.HikariDataSource       : mydb - Start completed.
]]></system-out>
  <system-err><![CDATA[]]></system-err>
</testsuite>
